This file contains any messages produced by compilers while
running configure, to aid debugging if configure makes a mistake.

It was created by configure, which was
generated by GNU Autoconf 2.57.  Invocation command line was

  $ ./configure --prefix=/usr/local/charguess

## --------- ##
## Platform. ##
## --------- ##

hostname = kernelpanic.local
uname -m = i386
uname -r = 10.0.0
uname -s = Darwin
uname -v = Darwin Kernel Version 10.0.0: Fri Jul 31 22:47:34 PDT 2009; root:xnu-1456.1.25~1/RELEASE_I386

/usr/bin/uname -p = i386
/bin/uname -X     = unknown

/bin/arch              = unknown
/usr/bin/arch -k       = unknown
/usr/convex/getsysinfo = unknown
hostinfo               = Mach kernel version:
	 Darwin Kernel Version 10.0.0: Fri Jul 31 22:47:34 PDT 2009; root:xnu-1456.1.25~1/RELEASE_I386
Kernel configured for up to 2 processors.
2 processors are physically available.
2 processors are logically available.
Processor type: i486 (Intel 80486)
Processors active: 0 1
Primary memory available: 2.00 gigabytes
Default processor set: 78 tasks, 383 threads, 2 processors
Load average: 0.59, Mach factor: 1.59
/bin/machine           = unknown
/usr/bin/oslevel       = unknown
/bin/universe          = unknown

PATH: /Users/fnando/.renv/active/bin
PATH: /Users/fnando/.ec2/bin
PATH: /Users/fnando/.ec2/ec2-ami-tools/bin
PATH: /usr/local/prince/bin
PATH: /usr/local/erlang/bin
PATH: /usr/local/couchdb/bin
PATH: /usr/local/spidermonkey/bin
PATH: /usr/local/erlang/lib/erlang/lib/rabbitmq_server-1.6.0/sbin
PATH: /usr/local/git/bin
PATH: /usr/local/bin
PATH: /usr/local/sbin
PATH: /usr/local/mysql/bin
PATH: /usr/local/ruby/active/bin
PATH: /usr/bin
PATH: /bin
PATH: /usr/sbin
PATH: /sbin
PATH: /usr/local/bin
PATH: /usr/X11/bin
PATH: /opt/local/bin
PATH: /usr/local/git/bin


## ----------- ##
## Core tests. ##
## ----------- ##

configure:1281: checking for a BSD-compatible install
configure:1335: result: /usr/bin/install -c
configure:1346: checking whether build environment is sane
configure:1389: result: yes
configure:1422: checking for gawk
configure:1451: result: no
configure:1422: checking for mawk
configure:1451: result: no
configure:1422: checking for nawk
configure:1451: result: no
configure:1422: checking for awk
configure:1438: found /usr/bin/awk
configure:1448: result: awk
configure:1458: checking whether make sets $(MAKE)
configure:1478: result: yes
configure:1642: checking whether to enable maintainer-specific portions of Makefiles
configure:1651: result: no
configure:1716: checking for gcc
configure:1732: found /usr/bin/gcc
configure:1742: result: gcc
configure:1986: checking for C compiler version
configure:1989: gcc --version </dev/null >&5
i686-apple-darwin10-gcc-4.2.1 (GCC) 4.2.1 (Apple Inc. build 5646) (dot 1)
Copyright (C) 2007 Free Software Foundation, Inc.
This is free software; see the source for copying conditions.  There is NO
warranty; not even for MERCHANTABILITY or FITNESS FOR A PARTICULAR PURPOSE.

configure:1992: $? = 0
configure:1994: gcc -v </dev/null >&5
Using built-in specs.
Target: i686-apple-darwin10
Configured with: /var/tmp/gcc/gcc-5646.1~2/src/configure --disable-checking --enable-werror --prefix=/usr --mandir=/share/man --enable-languages=c,objc,c++,obj-c++ --program-transform-name=/^[cg][^.-]*$/s/$/-4.2/ --with-slibdir=/usr/lib --build=i686-apple-darwin10 --with-gxx-include-dir=/include/c++/4.2.1 --program-prefix=i686-apple-darwin10- --host=x86_64-apple-darwin10 --target=i686-apple-darwin10
Thread model: posix
gcc version 4.2.1 (Apple Inc. build 5646) (dot 1)
configure:1997: $? = 0
configure:1999: gcc -V </dev/null >&5
gcc-4.2: argument to `-V' is missing
configure:2002: $? = 1
configure:2026: checking for C compiler default output
configure:2029: gcc    conftest.c  >&5
configure:2032: $? = 0
configure:2078: result: a.out
configure:2083: checking whether the C compiler works
configure:2089: ./a.out
configure:2092: $? = 0
configure:2109: result: yes
configure:2116: checking whether we are cross compiling
configure:2118: result: no
configure:2121: checking for suffix of executables
configure:2123: gcc -o conftest    conftest.c  >&5
configure:2126: $? = 0
configure:2151: result: 
configure:2157: checking for suffix of object files
configure:2179: gcc -c   conftest.c >&5
configure:2182: $? = 0
configure:2204: result: o
configure:2208: checking whether we are using the GNU C compiler
configure:2233: gcc -c   conftest.c >&5
configure:2236: $? = 0
configure:2239: test -s conftest.o
configure:2242: $? = 0
configure:2255: result: yes
configure:2261: checking whether gcc accepts -g
configure:2283: gcc -c -g  conftest.c >&5
configure:2286: $? = 0
configure:2289: test -s conftest.o
configure:2292: $? = 0
configure:2303: result: yes
configure:2320: checking for gcc option to accept ANSI C
configure:2381: gcc  -c -g -O2  conftest.c >&5
configure:2384: $? = 0
configure:2387: test -s conftest.o
configure:2390: $? = 0
configure:2408: result: none needed
configure:2426: gcc -c -g -O2  conftest.c >&5
conftest.c:2: error: expected '=', ',', ';', 'asm' or '__attribute__' before 'me'
configure:2429: $? = 1
configure: failed program was:
| #ifndef __cplusplus
|   choke me
| #endif
configure:2549: checking for style of include used by make
configure:2577: result: GNU
configure:2605: checking dependency style of gcc
configure:2688: result: gcc3
configure:2710: checking how to run the C preprocessor
configure:2746: gcc -E  conftest.c
configure:2752: $? = 0
configure:2784: gcc -E  conftest.c
configure:2785:28: error: ac_nonexistent.h: No such file or directory
configure:2790: $? = 1
configure: failed program was:
| #line 2775 "configure"
| /* confdefs.h.  */
| 
| #define PACKAGE_NAME ""
| #define PACKAGE_TARNAME ""
| #define PACKAGE_VERSION ""
| #define PACKAGE_STRING ""
| #define PACKAGE_BUGREPORT ""
| #define PACKAGE "libcharguess"
| #define VERSION "1.0b"
| /* end confdefs.h.  */
| #include <ac_nonexistent.h>
configure:2828: result: gcc -E
configure:2853: gcc -E  conftest.c
configure:2859: $? = 0
configure:2891: gcc -E  conftest.c
configure:2892:28: error: ac_nonexistent.h: No such file or directory
configure:2897: $? = 1
configure: failed program was:
| #line 2882 "configure"
| /* confdefs.h.  */
| 
| #define PACKAGE_NAME ""
| #define PACKAGE_TARNAME ""
| #define PACKAGE_VERSION ""
| #define PACKAGE_STRING ""
| #define PACKAGE_BUGREPORT ""
| #define PACKAGE "libcharguess"
| #define VERSION "1.0b"
| /* end confdefs.h.  */
| #include <ac_nonexistent.h>
configure:2991: checking for g++
configure:3007: found /usr/bin/g++
configure:3017: result: g++
configure:3033: checking for C++ compiler version
configure:3036: g++ --version </dev/null >&5
i686-apple-darwin10-g++-4.2.1 (GCC) 4.2.1 (Apple Inc. build 5646) (dot 1)
Copyright (C) 2007 Free Software Foundation, Inc.
This is free software; see the source for copying conditions.  There is NO
warranty; not even for MERCHANTABILITY or FITNESS FOR A PARTICULAR PURPOSE.

configure:3039: $? = 0
configure:3041: g++ -v </dev/null >&5
Using built-in specs.
Target: i686-apple-darwin10
Configured with: /var/tmp/gcc/gcc-5646.1~2/src/configure --disable-checking --enable-werror --prefix=/usr --mandir=/share/man --enable-languages=c,objc,c++,obj-c++ --program-transform-name=/^[cg][^.-]*$/s/$/-4.2/ --with-slibdir=/usr/lib --build=i686-apple-darwin10 --with-gxx-include-dir=/include/c++/4.2.1 --program-prefix=i686-apple-darwin10- --host=x86_64-apple-darwin10 --target=i686-apple-darwin10
Thread model: posix
gcc version 4.2.1 (Apple Inc. build 5646) (dot 1)
configure:3044: $? = 0
configure:3046: g++ -V </dev/null >&5
g++-4.2: argument to `-V' is missing
configure:3049: $? = 1
configure:3052: checking whether we are using the GNU C++ compiler
configure:3077: g++ -c   conftest.cc >&5
configure:3080: $? = 0
configure:3083: test -s conftest.o
configure:3086: $? = 0
configure:3099: result: yes
configure:3105: checking whether g++ accepts -g
configure:3127: g++ -c -g  conftest.cc >&5
configure:3130: $? = 0
configure:3133: test -s conftest.o
configure:3136: $? = 0
configure:3147: result: yes
configure:3191: g++ -c -g -O2  conftest.cc >&5
configure:3194: $? = 0
configure:3197: test -s conftest.o
configure:3200: $? = 0
configure:3227: g++ -c -g -O2  conftest.cc >&5
configure: In function 'int main()':
configure:3224: error: 'exit' was not declared in this scope
configure:3230: $? = 1
configure: failed program was:
| #line 3210 "configure"
| /* confdefs.h.  */
| 
| #define PACKAGE_NAME ""
| #define PACKAGE_TARNAME ""
| #define PACKAGE_VERSION ""
| #define PACKAGE_STRING ""
| #define PACKAGE_BUGREPORT ""
| #define PACKAGE "libcharguess"
| #define VERSION "1.0b"
| /* end confdefs.h.  */
| 
| int
| main ()
| {
| exit (42);
|   ;
|   return 0;
| }
configure:3191: g++ -c -g -O2  conftest.cc >&5
configure:3194: $? = 0
configure:3197: test -s conftest.o
configure:3200: $? = 0
configure:3227: g++ -c -g -O2  conftest.cc >&5
configure:3230: $? = 0
configure:3233: test -s conftest.o
configure:3236: $? = 0
configure:3261: checking dependency style of g++
configure:3344: result: gcc3
configure:3365: checking for gcc option to accept ANSI C
configure:3429: gcc  -c -g -O2  conftest.c >&5
configure:3432: $? = 0
configure:3435: test -s conftest.o
configure:3438: $? = 0
configure:3453: result: none needed
configure:3465: checking for egrep
configure:3475: result: grep -E
configure:3480: checking for ANSI C header files
configure:3506: gcc -c -g -O2  conftest.c >&5
configure:3509: $? = 0
configure:3512: test -s conftest.o
configure:3515: $? = 0
configure:3607: gcc -o conftest -g -O2   conftest.c  >&5
configure: In function 'main':
configure:3605: warning: incompatible implicit declaration of built-in function 'exit'
configure:3610: $? = 0
configure:3612: ./conftest
configure:3615: $? = 0
configure:3630: result: yes
configure:3681: checking for ranlib
configure:3697: found /usr/bin/ranlib
configure:3708: result: ranlib
configure:3721: checking for inline
configure:3743: gcc -c -g -O2  conftest.c >&5
configure:3746: $? = 0
configure:3749: test -s conftest.o
configure:3752: $? = 0
configure:3764: result: inline
configure:3779: checking for an ANSI C-conforming const
configure:3847: gcc -c -g -O2  conftest.c >&5
configure:3850: $? = 0
configure:3853: test -s conftest.o
configure:3856: $? = 0
configure:3867: result: yes
configure:4021: creating ./config.status

## ---------------------- ##
## Running config.status. ##
## ---------------------- ##

This file was extended by config.status, which was
generated by GNU Autoconf 2.57.  Invocation command line was

  CONFIG_FILES    = 
  CONFIG_HEADERS  = 
  CONFIG_LINKS    = 
  CONFIG_COMMANDS = 
  $ ./config.status 

on kernelpanic.local

config.status:663: creating Makefile
config.status:767: creating config.h
config.status:978: executing depfiles commands

## ---------------- ##
## Cache variables. ##
## ---------------- ##

ac_cv_c_compiler_gnu=yes
ac_cv_c_const=yes
ac_cv_c_inline=inline
ac_cv_cxx_compiler_gnu=yes
ac_cv_env_CC_set=
ac_cv_env_CC_value=
ac_cv_env_CFLAGS_set=
ac_cv_env_CFLAGS_value=
ac_cv_env_CPPFLAGS_set=
ac_cv_env_CPPFLAGS_value=
ac_cv_env_CPP_set=
ac_cv_env_CPP_value=
ac_cv_env_CXXFLAGS_set=
ac_cv_env_CXXFLAGS_value=
ac_cv_env_CXX_set=
ac_cv_env_CXX_value=
ac_cv_env_LDFLAGS_set=
ac_cv_env_LDFLAGS_value=
ac_cv_env_build_alias_set=
ac_cv_env_build_alias_value=
ac_cv_env_host_alias_set=
ac_cv_env_host_alias_value=
ac_cv_env_target_alias_set=
ac_cv_env_target_alias_value=
ac_cv_exeext=
ac_cv_header_stdc=yes
ac_cv_objext=o
ac_cv_path_install='/usr/bin/install -c'
ac_cv_prog_AWK=awk
ac_cv_prog_CPP='gcc -E'
ac_cv_prog_ac_ct_CC=gcc
ac_cv_prog_ac_ct_CXX=g++
ac_cv_prog_ac_ct_RANLIB=ranlib
ac_cv_prog_cc_g=yes
ac_cv_prog_cc_stdc=
ac_cv_prog_cxx_g=yes
ac_cv_prog_egrep='grep -E'
ac_cv_prog_make_make_set=yes
am_cv_CC_dependencies_compiler_type=gcc3
am_cv_CXX_dependencies_compiler_type=gcc3
am_cv_prog_cc_stdc=

## ----------------- ##
## Output variables. ##
## ----------------- ##

ACLOCAL='${SHELL} /Users/fnando/Downloads/libcharguess/cpp/missing --run aclocal-1.7'
AMDEPBACKSLASH='\'
AMDEP_FALSE='#'
AMDEP_TRUE=''
AMTAR='${SHELL} /Users/fnando/Downloads/libcharguess/cpp/missing --run tar'
AUTOCONF='${SHELL} /Users/fnando/Downloads/libcharguess/cpp/missing --run autoconf'
AUTOHEADER='${SHELL} /Users/fnando/Downloads/libcharguess/cpp/missing --run autoheader'
AUTOMAKE='${SHELL} /Users/fnando/Downloads/libcharguess/cpp/missing --run automake-1.7'
AWK='awk'
CC='gcc'
CCDEPMODE='depmode=gcc3'
CFLAGS='-g -O2 -Wall'
CPP='gcc -E'
CPPFLAGS=''
CXX='g++'
CXXDEPMODE='depmode=gcc3'
CXXFLAGS='-g -O2'
CYGPATH_W='echo'
DEFS='-DHAVE_CONFIG_H'
DEPDIR='.deps'
ECHO_C='ECHO_N=''
ECHO_T=''
EGREP='grep -E'
EXEEXT=''
INSTALL_DATA='${INSTALL} -m 644'
INSTALL_PROGRAM='${INSTALL}'
INSTALL_SCRIPT='${INSTALL}'
INSTALL_STRIP_PROGRAM='${SHELL} $(install_sh) -c -s'
LDFLAGS=''
LIBOBJS=''
LIBS=''
LTLIBOBJS=''
MAINT='#'
MAINTAINER_MODE_FALSE=''
MAINTAINER_MODE_TRUE='#'
MAKEINFO='${SHELL} /Users/fnando/Downloads/libcharguess/cpp/missing --run makeinfo'
OBJEXT='o'
PACKAGE='libcharguess'
PACKAGE_BUGREPORT=''
PACKAGE_NAME=''
PACKAGE_STRING=''
PACKAGE_TARNAME=''
PACKAGE_VERSION=''
PATH_SEPARATOR=':'
RANLIB='ranlib'
SET_MAKE=''
SHELL='/bin/sh'
STRIP=''
VERSION='1.0b'
ac_ct_CC='gcc'
ac_ct_CXX='g++'
ac_ct_RANLIB='ranlib'
ac_ct_STRIP=''
am__fastdepCC_FALSE='#'
am__fastdepCC_TRUE=''
am__fastdepCXX_FALSE='#'
am__fastdepCXX_TRUE=''
am__include='include'
am__leading_dot='.'
am__quote=''
bindir='${exec_prefix}/bin'
build_alias=''
datadir='${prefix}/share'
exec_prefix='${prefix}'
host_alias=''
includedir='${prefix}/include'
infodir='${prefix}/info'
install_sh='/Users/fnando/Downloads/libcharguess/cpp/install-sh'
libdir='${exec_prefix}/lib'
libexecdir='${exec_prefix}/libexec'
localstatedir='${prefix}/var'
mandir='${prefix}/man'
oldincludedir='/usr/include'
prefix='/usr/local/charguess'
program_transform_name='s,x,x,'
sbindir='${exec_prefix}/sbin'
sharedstatedir='${prefix}/com'
sysconfdir='${prefix}/etc'
target_alias=''

## ----------- ##
## confdefs.h. ##
## ----------- ##

#define PACKAGE "libcharguess"
#define PACKAGE_BUGREPORT ""
#define PACKAGE_NAME ""
#define PACKAGE_SOURCE_DIR "/Users/fnando/Downloads/libcharguess/cpp"
#define PACKAGE_STRING ""
#define PACKAGE_TARNAME ""
#define PACKAGE_VERSION ""
#define STDC_HEADERS 1
#define VERSION "1.0b"
#endif
#ifdef __cplusplus
#include <stdlib.h>

configure: exit 0
